<?xml version="1.0" encoding="UTF-8"?>
<!-- Generated by org.testng.reporters.JUnitReportReporter -->
<testsuite hostname="Aris-MacBook-Air.local" failures="0" tests="4" name="testNgAnnotations.TestNgEx" time="0.001" errors="0" timestamp="2024-11-10T12:57:47 IST" skipped="0">
  <testcase classname="testNgAnnotations.TestNgEx" name="one" time="0.000"/>
  <testcase classname="testNgAnnotations.TestNgEx" name="two" time="0.001"/>
  <testcase classname="testNgAnnotations.TestNgEx" name="four" time="0.000"/>
  <testcase classname="testNgAnnotations.TestNgEx" name="three" time="0.000"/>
</testsuite> <!-- testNgAnnotations.TestNgEx -->
